<?xml version="1.0" encoding="UTF-8"?>
<!-- Generated by org.testng.reporters.JUnitReportReporter -->
<testsuite name="com.tester.testcase.RedisTestListCases" tests="31" time="0.308" ignored="1" failures="0" timestamp="21 八月 2020 09:36:55 GMT" skipped="0" hostname="DESKTOP-7AQG0UU" errors="0">
  <testcase name="Test_LInsert" time="0.016" classname="com.tester.testcase.RedisTestListCases"/>
  <testcase name="Test_LRem" time="0.006" classname="com.tester.testcase.RedisTestListCases"/>
  <testcase name="Test_LPushx" time="0.007" classname="com.tester.testcase.RedisTestListCases"/>
  <testcase name="Test_RPushx" time="0.010" classname="com.tester.testcase.RedisTestListCases"/>
  <testcase name="Test_LTrim" time="0.006" classname="com.tester.testcase.RedisTestListCases"/>
  <testcase name="Test_RPop" time="0.005" classname="com.tester.testcase.RedisTestListCases"/>
  <testcase name="Test_LRange" time="0.008" classname="com.tester.testcase.RedisTestListCases"/>
  <testcase name="Test_LPop" time="0.004" classname="com.tester.testcase.RedisTestListCases"/>
  <testcase name="Test_LLen" time="0.032" classname="com.tester.testcase.RedisTestListCases"/>
  <testcase name="Test_LIndex" time="0.010" classname="com.tester.testcase.RedisTestListCases"/>
  <testcase name="Test_RPush" time="0.009" classname="com.tester.testcase.RedisTestListCases"/>
  <testcase name="Test_LInsert" time="0.005" classname="com.tester.testcase.RedisTestListCases"/>
  <testcase name="Test_RPushx" time="0.013" classname="com.tester.testcase.RedisTestListCases"/>
  <testcase name="Test_RPush" time="0.005" classname="com.tester.testcase.RedisTestListCases"/>
  <testcase name="Test_LLen" time="0.007" classname="com.tester.testcase.RedisTestListCases"/>
  <testcase name="Test_LPush" time="0.005" classname="com.tester.testcase.RedisTestListCases"/>
  <testcase name="Test_LIndex" time="0.011" classname="com.tester.testcase.RedisTestListCases"/>
  <testcase name="Test_LInsert" time="0.011" classname="com.tester.testcase.RedisTestListCases"/>
  <testcase name="Test_LPushx" time="0.006" classname="com.tester.testcase.RedisTestListCases"/>
  <testcase name="Test_LPop" time="0.009" classname="com.tester.testcase.RedisTestListCases"/>
  <testcase name="Test_LRem" time="0.017" classname="com.tester.testcase.RedisTestListCases"/>
  <testcase name="Test_RPush" time="0.005" classname="com.tester.testcase.RedisTestListCases"/>
  <testcase name="Test_LPush" time="0.007" classname="com.tester.testcase.RedisTestListCases"/>
  <testcase name="Test_LRem" time="0.009" classname="com.tester.testcase.RedisTestListCases"/>
  <testcase name="Test_LSet" time="0.007" classname="com.tester.testcase.RedisTestListCases"/>
  <testcase name="Test_BrPop" time="0.007" classname="com.tester.testcase.RedisTestListCases"/>
  <testcase name="Test_LPush" time="0.006" classname="com.tester.testcase.RedisTestListCases"/>
  <testcase name="Test_LIndex" time="0.012" classname="com.tester.testcase.RedisTestListCases"/>
  <testcase name="Test_BlPop" time="0.038" classname="com.tester.testcase.RedisTestListCases"/>
  <testcase name="Test_LInsert" time="0.006" classname="com.tester.testcase.RedisTestListCases"/>
  <testcase name="Test_RPop" time="0.009" classname="com.tester.testcase.RedisTestListCases"/>
  <testcase name="Test_Hsetnx" classname="com.tester.testcase.RedisTestHashCases">
    <skipped/>
  </testcase> <!-- Test_Hsetnx -->
</testsuite> <!-- com.tester.testcase.RedisTestListCases -->
