<?xml version="1.0" encoding="UTF-8"?>
<!-- Generated by org.testng.reporters.JUnitReportReporter -->
<testsuite name="com.tester.testcase.RedisTestSetCases" tests="12" time="0.105" ignored="1" failures="0" timestamp="31 八月 2020 07:29:26 GMT" skipped="0" hostname="DESKTOP-7AQG0UU" errors="0">
  <testcase name="Test_Scard" time="0.006" classname="com.tester.testcase.RedisTestSetCases"/>
  <testcase name="Test_Srem" time="0.007" classname="com.tester.testcase.RedisTestSetCases"/>
  <testcase name="Test_Spop" time="0.017" classname="com.tester.testcase.RedisTestSetCases"/>
  <testcase name="Test_Srem" time="0.006" classname="com.tester.testcase.RedisTestSetCases"/>
  <testcase name="Test_SisMember" time="0.008" classname="com.tester.testcase.RedisTestSetCases"/>
  <testcase name="Test_Sadd" time="0.013" classname="com.tester.testcase.RedisTestSetCases"/>
  <testcase name="Test_Sscan" time="0.011" classname="com.tester.testcase.RedisTestSetCases"/>
  <testcase name="Test_Spop2" time="0.010" classname="com.tester.testcase.RedisTestSetCases"/>
  <testcase name="Test_Sadd" time="0.007" classname="com.tester.testcase.RedisTestSetCases"/>
  <testcase name="Test_Scard" time="0.006" classname="com.tester.testcase.RedisTestSetCases"/>
  <testcase name="Test_SisMember" time="0.008" classname="com.tester.testcase.RedisTestSetCases"/>
  <testcase name="Test_SrandMember" time="0.006" classname="com.tester.testcase.RedisTestSetCases"/>
  <testcase name="Test_Hsetnx" classname="com.tester.testcase.RedisTestHashCases">
    <skipped/>
  </testcase> <!-- Test_Hsetnx -->
</testsuite> <!-- com.tester.testcase.RedisTestSetCases -->
