<?xml version="1.0" encoding="UTF-8"?>
<!-- Generated by org.testng.reporters.JUnitReportReporter -->
<testsuite name="com.tester.testcase.RedisTestSortedSetCases" tests="20" time="0.167" ignored="1" failures="0" timestamp="21 八月 2020 09:36:55 GMT" skipped="0" hostname="DESKTOP-7AQG0UU" errors="0">
  <testcase name="Test_ZRevRank" time="0.007" classname="com.tester.testcase.RedisTestSortedSetCases"/>
  <testcase name="Test_ZCard" time="0.009" classname="com.tester.testcase.RedisTestSortedSetCases"/>
  <testcase name="Test_ZAdd2" time="0.022" classname="com.tester.testcase.RedisTestSortedSetCases"/>
  <testcase name="Test_ZCount" time="0.007" classname="com.tester.testcase.RedisTestSortedSetCases"/>
  <testcase name="Test_ZRevRange" time="0.019" classname="com.tester.testcase.RedisTestSortedSetCases"/>
  <testcase name="Test_ZRank" time="0.005" classname="com.tester.testcase.RedisTestSortedSetCases"/>
  <testcase name="Test_ZScan" time="0.011" classname="com.tester.testcase.RedisTestSortedSetCases"/>
  <testcase name="Test_ZCount" time="0.009" classname="com.tester.testcase.RedisTestSortedSetCases"/>
  <testcase name="Test_ZRemByRank" time="0.005" classname="com.tester.testcase.RedisTestSortedSetCases"/>
  <testcase name="Test_ZRange" time="0.006" classname="com.tester.testcase.RedisTestSortedSetCases"/>
  <testcase name="Test_ZRem" time="0.005" classname="com.tester.testcase.RedisTestSortedSetCases"/>
  <testcase name="Test_ZRangeByScore" time="0.007" classname="com.tester.testcase.RedisTestSortedSetCases"/>
  <testcase name="Test_ZRem" time="0.007" classname="com.tester.testcase.RedisTestSortedSetCases"/>
  <testcase name="Test_ZIncrBy" time="0.006" classname="com.tester.testcase.RedisTestSortedSetCases"/>
  <testcase name="Test_ZCard" time="0.007" classname="com.tester.testcase.RedisTestSortedSetCases"/>
  <testcase name="Test_ZRemRangeByScore" time="0.010" classname="com.tester.testcase.RedisTestSortedSetCases"/>
  <testcase name="Test_ZCount2" time="0.005" classname="com.tester.testcase.RedisTestSortedSetCases"/>
  <testcase name="Test_ZRevRangeByScore" time="0.008" classname="com.tester.testcase.RedisTestSortedSetCases"/>
  <testcase name="Test_ZScore" time="0.005" classname="com.tester.testcase.RedisTestSortedSetCases"/>
  <testcase name="Test_ZAdd" time="0.007" classname="com.tester.testcase.RedisTestSortedSetCases"/>
  <testcase name="Test_Hsetnx" classname="com.tester.testcase.RedisTestHashCases">
    <skipped/>
  </testcase> <!-- Test_Hsetnx -->
</testsuite> <!-- com.tester.testcase.RedisTestSortedSetCases -->
