<?xml version="1.0" encoding="UTF-8"?>
<!-- Generated by org.testng.reporters.JUnitReportReporter -->
<testsuite name="com.tester.testcase.RedisTestStringCases" tests="28" time="0.366" ignored="1" failures="0" timestamp="21 八月 2020 09:36:55 GMT" skipped="0" hostname="DESKTOP-7AQG0UU" errors="0">
  <testcase name="Test_Decr" time="0.008" classname="com.tester.testcase.RedisTestStringCases"/>
  <testcase name="Test_Append" time="0.004" classname="com.tester.testcase.RedisTestStringCases"/>
  <testcase name="Test_DecrBy" time="0.005" classname="com.tester.testcase.RedisTestStringCases"/>
  <testcase name="Test_Decr" time="0.003" classname="com.tester.testcase.RedisTestStringCases"/>
  <testcase name="Test_GetBit" time="0.006" classname="com.tester.testcase.RedisTestStringCases"/>
  <testcase name="Test_Setbit" time="0.007" classname="com.tester.testcase.RedisTestStringCases"/>
  <testcase name="Test_SetRange" time="0.016" classname="com.tester.testcase.RedisTestStringCases"/>
  <testcase name="Test_Setex" time="0.008" classname="com.tester.testcase.RedisTestStringCases"/>
  <testcase name="Test_BitCount2" time="0.007" classname="com.tester.testcase.RedisTestStringCases"/>
  <testcase name="Test_Incr" time="0.006" classname="com.tester.testcase.RedisTestStringCases"/>
  <testcase name="Test_GetRange" time="0.006" classname="com.tester.testcase.RedisTestStringCases"/>
  <testcase name="Test_DecrBy" time="0.007" classname="com.tester.testcase.RedisTestStringCases"/>
  <testcase name="Test_BitCount" time="0.108" classname="com.tester.testcase.RedisTestStringCases"/>
  <testcase name="Test_IncrByFloat" time="0.006" classname="com.tester.testcase.RedisTestStringCases"/>
  <testcase name="Test_GetSet" time="0.006" classname="com.tester.testcase.RedisTestStringCases"/>
  <testcase name="Test_Setnx" time="0.004" classname="com.tester.testcase.RedisTestStringCases"/>
  <testcase name="Test_BitCount" time="0.010" classname="com.tester.testcase.RedisTestStringCases"/>
  <testcase name="Test_Setnx" time="0.020" classname="com.tester.testcase.RedisTestStringCases"/>
  <testcase name="Test_Set" time="0.016" classname="com.tester.testcase.RedisTestStringCases"/>
  <testcase name="Test_IncrBy" time="0.047" classname="com.tester.testcase.RedisTestStringCases"/>
  <testcase name="Test_Psetex" time="0.007" classname="com.tester.testcase.RedisTestStringCases"/>
  <testcase name="Test_GetBit" time="0.005" classname="com.tester.testcase.RedisTestStringCases"/>
  <testcase name="Test_StrLen" time="0.005" classname="com.tester.testcase.RedisTestStringCases"/>
  <testcase name="Test_IncrBy" time="0.015" classname="com.tester.testcase.RedisTestStringCases"/>
  <testcase name="Test_Incr" time="0.004" classname="com.tester.testcase.RedisTestStringCases"/>
  <testcase name="Test_Get" time="0.007" classname="com.tester.testcase.RedisTestStringCases"/>
  <testcase name="Test_StrLen" time="0.005" classname="com.tester.testcase.RedisTestStringCases"/>
  <testcase name="Test_BitCount2" time="0.018" classname="com.tester.testcase.RedisTestStringCases"/>
  <testcase name="Test_Hsetnx" classname="com.tester.testcase.RedisTestHashCases">
    <skipped/>
  </testcase> <!-- Test_Hsetnx -->
</testsuite> <!-- com.tester.testcase.RedisTestStringCases -->
