<?xml version="1.0" encoding="UTF-8"?>
<!-- Generated by org.testng.reporters.JUnitReportReporter -->
<testsuite name="com.tester.testcase.RedisTestHashCases" tests="33" time="0.259" ignored="1" failures="0" timestamp="21 八月 2020 09:36:55 GMT" skipped="0" hostname="DESKTOP-7AQG0UU" errors="0">
  <testcase name="Test_HgetAll" time="0.008" classname="com.tester.testcase.RedisTestHashCases"/>
  <testcase name="Test_Hmget" time="0.013" classname="com.tester.testcase.RedisTestHashCases"/>
  <testcase name="Test_Hvals" time="0.005" classname="com.tester.testcase.RedisTestHashCases"/>
  <testcase name="Test_Hkeys" time="0.008" classname="com.tester.testcase.RedisTestHashCases"/>
  <testcase name="Test_Hset2" time="0.005" classname="com.tester.testcase.RedisTestHashCases"/>
  <testcase name="Test_Hscan" time="0.017" classname="com.tester.testcase.RedisTestHashCases"/>
  <testcase name="Test_Hdel" time="0.010" classname="com.tester.testcase.RedisTestHashCases"/>
  <testcase name="Test_Hget" time="0.005" classname="com.tester.testcase.RedisTestHashCases"/>
  <testcase name="Test_Hlen" time="0.005" classname="com.tester.testcase.RedisTestHashCases"/>
  <testcase name="Test_Hset" time="0.005" classname="com.tester.testcase.RedisTestHashCases"/>
  <testcase name="Test_Hdel" time="0.003" classname="com.tester.testcase.RedisTestHashCases"/>
  <testcase name="Test_Hkeys" time="0.008" classname="com.tester.testcase.RedisTestHashCases"/>
  <testcase name="Test_Hexists" time="0.007" classname="com.tester.testcase.RedisTestHashCases"/>
  <testcase name="Test_HgetAll" time="0.036" classname="com.tester.testcase.RedisTestHashCases"/>
  <testcase name="Test_Hset" time="0.005" classname="com.tester.testcase.RedisTestHashCases"/>
  <testcase name="Test_Hmget" time="0.005" classname="com.tester.testcase.RedisTestHashCases"/>
  <testcase name="Test_HincrBy" time="0.008" classname="com.tester.testcase.RedisTestHashCases"/>
  <testcase name="Test_Hmset" time="0.006" classname="com.tester.testcase.RedisTestHashCases"/>
  <testcase name="Test_Hget" time="0.006" classname="com.tester.testcase.RedisTestHashCases"/>
  <testcase name="Test_Hexists" time="0.012" classname="com.tester.testcase.RedisTestHashCases"/>
  <testcase name="Test_Hmset" time="0.006" classname="com.tester.testcase.RedisTestHashCases"/>
  <testcase name="Test_Hlen" time="0.004" classname="com.tester.testcase.RedisTestHashCases"/>
  <testcase name="Test_HincrBy" time="0.006" classname="com.tester.testcase.RedisTestHashCases"/>
  <testcase name="Test_Hset2" time="0.006" classname="com.tester.testcase.RedisTestHashCases"/>
  <testcase name="Test_Hset" time="0.004" classname="com.tester.testcase.RedisTestHashCases"/>
  <testcase name="Test_HincrByFloat" time="0.010" classname="com.tester.testcase.RedisTestHashCases"/>
  <testcase name="Test_Hget" time="0.003" classname="com.tester.testcase.RedisTestHashCases"/>
  <testcase name="Test_Hdel" time="0.009" classname="com.tester.testcase.RedisTestHashCases"/>
  <testcase name="Test_Hvals" time="0.005" classname="com.tester.testcase.RedisTestHashCases"/>
  <testcase name="Test_HincrByFloat" time="0.007" classname="com.tester.testcase.RedisTestHashCases"/>
  <testcase name="Test_Hexists" time="0.011" classname="com.tester.testcase.RedisTestHashCases"/>
  <testcase name="Test_Hmget" time="0.005" classname="com.tester.testcase.RedisTestHashCases"/>
  <testcase name="Test_Hset" time="0.006" classname="com.tester.testcase.RedisTestHashCases"/>
  <testcase name="Test_Hsetnx" classname="com.tester.testcase.RedisTestHashCases">
    <skipped/>
  </testcase> <!-- Test_Hsetnx -->
</testsuite> <!-- com.tester.testcase.RedisTestHashCases -->
