<?xml version="1.0" encoding="UTF-8"?>
<!-- Generated by org.testng.reporters.JUnitReportReporter -->
<testsuite name="com.tester.testcase.RedisTestStringCases" tests="28" time="1.515" ignored="1" failures="0" timestamp="21 八月 2020 07:01:42 GMT" skipped="0" hostname="DESKTOP-7AQG0UU" errors="0">
  <testcase name="Test_Decr" time="0.136" classname="com.tester.testcase.RedisTestStringCases"/>
  <testcase name="Test_Append" time="0.120" classname="com.tester.testcase.RedisTestStringCases"/>
  <testcase name="Test_DecrBy" time="0.026" classname="com.tester.testcase.RedisTestStringCases"/>
  <testcase name="Test_Decr" time="0.005" classname="com.tester.testcase.RedisTestStringCases"/>
  <testcase name="Test_GetBit" time="0.008" classname="com.tester.testcase.RedisTestStringCases"/>
  <testcase name="Test_Setbit" time="0.122" classname="com.tester.testcase.RedisTestStringCases"/>
  <testcase name="Test_SetRange" time="0.017" classname="com.tester.testcase.RedisTestStringCases"/>
  <testcase name="Test_Setex" time="0.007" classname="com.tester.testcase.RedisTestStringCases"/>
  <testcase name="Test_BitCount2" time="0.004" classname="com.tester.testcase.RedisTestStringCases"/>
  <testcase name="Test_Incr" time="0.133" classname="com.tester.testcase.RedisTestStringCases"/>
  <testcase name="Test_GetRange" time="0.139" classname="com.tester.testcase.RedisTestStringCases"/>
  <testcase name="Test_DecrBy" time="0.121" classname="com.tester.testcase.RedisTestStringCases"/>
  <testcase name="Test_BitCount" time="0.268" classname="com.tester.testcase.RedisTestStringCases"/>
  <testcase name="Test_IncrByFloat" time="0.011" classname="com.tester.testcase.RedisTestStringCases"/>
  <testcase name="Test_GetSet" time="0.011" classname="com.tester.testcase.RedisTestStringCases"/>
  <testcase name="Test_Setnx" time="0.006" classname="com.tester.testcase.RedisTestStringCases"/>
  <testcase name="Test_BitCount" time="0.012" classname="com.tester.testcase.RedisTestStringCases"/>
  <testcase name="Test_Setnx" time="0.005" classname="com.tester.testcase.RedisTestStringCases"/>
  <testcase name="Test_Set" time="0.017" classname="com.tester.testcase.RedisTestStringCases"/>
  <testcase name="Test_IncrBy" time="0.150" classname="com.tester.testcase.RedisTestStringCases"/>
  <testcase name="Test_Psetex" time="0.126" classname="com.tester.testcase.RedisTestStringCases"/>
  <testcase name="Test_GetBit" time="0.006" classname="com.tester.testcase.RedisTestStringCases"/>
  <testcase name="Test_StrLen" time="0.005" classname="com.tester.testcase.RedisTestStringCases"/>
  <testcase name="Test_IncrBy" time="0.020" classname="com.tester.testcase.RedisTestStringCases"/>
  <testcase name="Test_Incr" time="0.024" classname="com.tester.testcase.RedisTestStringCases"/>
  <testcase name="Test_Get" time="0.005" classname="com.tester.testcase.RedisTestStringCases"/>
  <testcase name="Test_StrLen" time="0.007" classname="com.tester.testcase.RedisTestStringCases"/>
  <testcase name="Test_BitCount2" time="0.004" classname="com.tester.testcase.RedisTestStringCases"/>
  <testcase name="Test_Hsetnx" classname="com.tester.testcase.RedisTestHashCases">
    <skipped/>
  </testcase> <!-- Test_Hsetnx -->
</testsuite> <!-- com.tester.testcase.RedisTestStringCases -->
